c:\users\jack\desktop\fluidsimulation\x64\release\renderer.obj
c:\users\jack\desktop\fluidsimulation\x64\release\mainwindow.obj
c:\users\jack\desktop\fluidsimulation\x64\release\main.obj
c:\users\jack\desktop\fluidsimulation\x64\release\fluidglwidget.obj
c:\users\jack\desktop\fluidsimulation\x64\release\moc_mainwindow.obj
c:\users\jack\desktop\fluidsimulation\x64\release\moc_fluidglwidget.obj
c:\users\jack\desktop\fluidsimulation\x64\release\inflowdata.obj
c:\users\jack\desktop\fluidsimulation\x64\release\inflowwidget.obj
c:\users\jack\desktop\fluidsimulation\x64\release\moc_inflowwidget.obj
c:\users\jack\desktop\fluidsimulation\generatedfiles\ui_inflowwidget.h
c:\users\jack\desktop\fluidsimulation\generatedfiles\ui_mainwindow.h
c:\users\jack\desktop\fluidsimulation\release\moc_inflowwidget.cpp
c:\users\jack\desktop\fluidsimulation\release\moc_fluidglwidget.cpp
c:\users\jack\desktop\fluidsimulation\release\moc_mainwindow.cpp
c:\users\jack\desktop\fluidsimulation\release\fluidsimulation.exe
c:\users\jack\desktop\fluidsimulation\x64\release\cudamathutil.cu.cache
c:\users\jack\desktop\fluidsimulation\x64\release\fluidquantity2d.cu.cache
c:\users\jack\desktop\fluidsimulation\x64\release\fluidsolver2d.cu.cache
c:\users\jack\desktop\fluidsimulation\x64\release\cudamathutil.cu.obj
c:\users\jack\desktop\fluidsimulation\x64\release\fluidquantity2d.cu.obj
c:\users\jack\desktop\fluidsimulation\x64\release\fluidsolver2d.cu.obj
c:\users\jack\desktop\fluidsimulation\x64\release\fluidsimulation.tlog\cl.command.1.tlog
c:\users\jack\desktop\fluidsimulation\x64\release\fluidsimulation.tlog\cl.read.1.tlog
c:\users\jack\desktop\fluidsimulation\x64\release\fluidsimulation.tlog\cl.write.1.tlog
c:\users\jack\desktop\fluidsimulation\x64\release\fluidsimulation.tlog\custombuild.command.1.tlog
c:\users\jack\desktop\fluidsimulation\x64\release\fluidsimulation.tlog\custombuild.read.1.tlog
c:\users\jack\desktop\fluidsimulation\x64\release\fluidsimulation.tlog\custombuild.write.1.tlog
c:\users\jack\desktop\fluidsimulation\x64\release\fluidsimulation.tlog\link.command.1.tlog
c:\users\jack\desktop\fluidsimulation\x64\release\fluidsimulation.tlog\link.read.1.tlog
c:\users\jack\desktop\fluidsimulation\x64\release\fluidsimulation.tlog\link.write.1.tlog
