  Moc'ing fluidglwidget.h...
  Moc'ing mainwindow.h...
  Moc'ing InFlowWidget.hpp...
  Compiling CUDA source file src\Fluid\fluidquantity2D.cu...
  Compiling CUDA source file src\Fluid\fluidsolver2D.cu...
  
  C:\Users\Jack\Desktop\FluidSimulation>"C:\Program Files\NVIDIA GPU Computing Toolkit\CUDA\v8.0\bin\nvcc.exe" -gencode=arch=compute_20,code=\"sm_20,compute_20\" --use-local-env --cl-version 2015 -ccbin "C:\Program Files (x86)\Microsoft Visual Studio 14.0\VC\bin\x86_amd64"  -I. -I..\..\OneDrive\DEV\QtWebsite\5.7\msvc2015_64\include -I..\..\OneDrive\DEV\QtWebsite\5.7\msvc2015_64\include\QtWidgets -I..\..\OneDrive\DEV\QtWebsite\5.7\msvc2015_64\include\QtGui -I..\..\OneDrive\DEV\QtWebsite\5.7\msvc2015_64\include\QtANGLE -I..\..\OneDrive\DEV\QtWebsite\5.7\msvc2015_64\include\QtCore -Idebug -I. -I"..\..\OneDrive\DEV\QtWebsite\5.7\msvc2015_64\mkspecs\win32-msvc2015" -I.\GeneratedFiles -I.\src\Gui -I"C:\Program Files\NVIDIA GPU Computing Toolkit\CUDA\v8.0\include" -I"C:\Program Files\NVIDIA GPU Computing Toolkit\CUDA\v8.0\include"  -G   --keep-dir x64\Debug -maxrregcount=0  --machine 64 --compile -cudart static  -g   -D_WINDOWS -DUNICODE -DWIN32 -DWIN64 -DQT_WIDGETS_LIB -DQT_GUI_LIB -DQT_CORE_LIB -Xcompiler "/EHsc /W3 /nologo /Od /FS /Zi  /MDd /GR" -o x64\Debug\fluidquantity2D.cu.obj "C:\Users\Jack\Desktop\FluidSimulation\src\Fluid\fluidquantity2D.cu" 
  
  C:\Users\Jack\Desktop\FluidSimulation>"C:\Program Files\NVIDIA GPU Computing Toolkit\CUDA\v8.0\bin\nvcc.exe" -gencode=arch=compute_20,code=\"sm_20,compute_20\" --use-local-env --cl-version 2015 -ccbin "C:\Program Files (x86)\Microsoft Visual Studio 14.0\VC\bin\x86_amd64"  -I. -I..\..\OneDrive\DEV\QtWebsite\5.7\msvc2015_64\include -I..\..\OneDrive\DEV\QtWebsite\5.7\msvc2015_64\include\QtWidgets -I..\..\OneDrive\DEV\QtWebsite\5.7\msvc2015_64\include\QtGui -I..\..\OneDrive\DEV\QtWebsite\5.7\msvc2015_64\include\QtANGLE -I..\..\OneDrive\DEV\QtWebsite\5.7\msvc2015_64\include\QtCore -Idebug -I. -I"..\..\OneDrive\DEV\QtWebsite\5.7\msvc2015_64\mkspecs\win32-msvc2015" -I.\GeneratedFiles -I.\src\Gui -I"C:\Program Files\NVIDIA GPU Computing Toolkit\CUDA\v8.0\include" -I"C:\Program Files\NVIDIA GPU Computing Toolkit\CUDA\v8.0\include"  -G   --keep-dir x64\Debug -maxrregcount=0  --machine 64 --compile -cudart static  -g   -D_WINDOWS -DUNICODE -DWIN32 -DWIN64 -DQT_WIDGETS_LIB -DQT_GUI_LIB -DQT_CORE_LIB -Xcompiler "/EHsc /W3 /nologo /Od /FS /Zi  /MDd /GR" -o x64\Debug\fluidsolver2D.cu.obj "C:\Users\Jack\Desktop\FluidSimulation\src\Fluid\fluidsolver2D.cu" 
C:/Users/Jack/Desktop/FluidSimulation/src/Fluid/fluidsolver2D.cu(93): warning : variable "x" was declared but never referenced
C:/Users/Jack/Desktop/FluidSimulation/src/Fluid/fluidsolver2D.cu(106): warning : variable "y" was declared but never referenced
CUDACOMPILE : nvcc warning : The 'compute_20', 'sm_20', and 'sm_21' architectures are deprecated, and may be removed in a future release (Use -Wno-deprecated-gpu-targets to suppress warning).
  fluidquantity2D.cu
C:/Users/Jack/Desktop/FluidSimulation/src/Fluid/fluidsolver2D.cu(93): warning : variable "x" was declared but never referenced
C:/Users/Jack/Desktop/FluidSimulation/src/Fluid/fluidsolver2D.cu(106): warning : variable "y" was declared but never referenced
CUDACOMPILE : nvcc warning : The 'compute_20', 'sm_20', and 'sm_21' architectures are deprecated, and may be removed in a future release (Use -Wno-deprecated-gpu-targets to suppress warning).
  fluidsolver2D.cu
C:/Users/Jack/Desktop/FluidSimulation/src/Fluid/fluidsolver2D.cu(206): warning C4267: 'argument': conversion from 'size_t' to 'unsigned int', possible loss of data
C:/Users/Jack/Desktop/FluidSimulation/src/Fluid/fluidsolver2D.cu(207): warning C4267: 'argument': conversion from 'size_t' to 'unsigned int', possible loss of data
C:/Users/Jack/Desktop/FluidSimulation/src/Fluid/fluidsolver2D.cu(208): warning C4267: 'argument': conversion from 'size_t' to 'unsigned int', possible loss of data
C:/Users/Jack/Desktop/FluidSimulation/src/Fluid/fluidsolver2D.cu(210): warning C4267: 'argument': conversion from 'size_t' to 'unsigned int', possible loss of data
C:/Users/Jack/Desktop/FluidSimulation/src/Fluid/fluidsolver2D.cu(211): warning C4267: 'argument': conversion from 'size_t' to 'unsigned int', possible loss of data
C:/Users/Jack/Desktop/FluidSimulation/src/Fluid/fluidsolver2D.cu(212): warning C4267: 'argument': conversion from 'size_t' to 'unsigned int', possible loss of data
C:/Users/Jack/Desktop/FluidSimulation/src/Fluid/fluidsolver2D.cu(248): warning C4244: 'argument': conversion from 'double' to 'float', possible loss of data
  moc_InFlowWidget.cpp
  moc_fluidglwidget.cpp
  moc_mainwindow.cpp
  main.cpp
  mainwindow.cpp
  InFlowWidget.cpp
  fluidglwidget.cpp
src\Gui\fluidglwidget.cpp(45): warning C4267: 'argument': conversion from 'size_t' to 'unsigned int', possible loss of data
  Generating Code...
  FluidSimulation.vcxproj -> C:\Users\Jack\Desktop\FluidSimulation\debug\FluidSimulation.exe
  FluidSimulation.vcxproj -> debug\FluidSimulation.pdb (Full PDB)
